<?xml version="1.0" encoding="UTF-8"?>
<testng-results skipped="0" failed="0" ignored="0" total="1" passed="1">
  <reporter-output>
  </reporter-output>
  <suite name="Default suite" duration-ms="9112" started-at="2020-04-28T18:18:53 BST" finished-at="2020-04-28T18:19:02 BST">
    <groups>
    </groups>
    <test name="Default test" duration-ms="9112" started-at="2020-04-28T18:18:53 BST" finished-at="2020-04-28T18:19:02 BST">
      <class name="files.StaticJson">
        <test-method status="PASS" signature="addBook()[pri:0, instance:files.StaticJson@192d3247]" name="addBook" duration-ms="9001" started-at="2020-04-28T18:18:53 BST" finished-at="2020-04-28T18:19:02 BST">
          <reporter-output>
          </reporter-output>
        </test-method> <!-- addBook -->
      </class> <!-- files.StaticJson -->
    </test> <!-- Default test -->
  </suite> <!-- Default suite -->
</testng-results>
